mode: set
github.com/sgrimee/kizcool/events.go:19.32,19.42 1 0
github.com/sgrimee/kizcool/events.go:93.56,97.16 3 1
github.com/sgrimee/kizcool/events.go:100.2,100.24 1 1
github.com/sgrimee/kizcool/events.go:140.2,140.12 1 1
github.com/sgrimee/kizcool/events.go:97.16,99.3 1 0
github.com/sgrimee/kizcool/events.go:100.24,104.17 3 1
github.com/sgrimee/kizcool/events.go:108.3,109.40 2 1
github.com/sgrimee/kizcool/events.go:114.3,115.20 2 1
github.com/sgrimee/kizcool/events.go:134.3,135.17 2 1
github.com/sgrimee/kizcool/events.go:138.3,138.36 1 1
github.com/sgrimee/kizcool/events.go:104.17,106.4 1 0
github.com/sgrimee/kizcool/events.go:109.40,111.4 1 1
github.com/sgrimee/kizcool/events.go:116.35,117.40 1 1
github.com/sgrimee/kizcool/events.go:118.37,119.42 1 1
github.com/sgrimee/kizcool/events.go:120.45,121.50 1 1
github.com/sgrimee/kizcool/events.go:122.43,123.48 1 1
github.com/sgrimee/kizcool/events.go:124.48,125.53 1 1
github.com/sgrimee/kizcool/events.go:126.34,127.39 1 1
github.com/sgrimee/kizcool/events.go:128.28,129.33 1 1
github.com/sgrimee/kizcool/events.go:130.11,131.86 1 0
github.com/sgrimee/kizcool/events.go:135.17,137.4 1 0
github.com/sgrimee/kizcool/kizcool.go:19.71,21.16 2 1
github.com/sgrimee/kizcool/kizcool.go:24.2,24.30 1 1
github.com/sgrimee/kizcool/kizcool.go:21.16,23.3 1 0
github.com/sgrimee/kizcool/kizcool.go:28.52,33.2 2 1
github.com/sgrimee/kizcool/kizcool.go:37.34,39.2 1 1
github.com/sgrimee/kizcool/kizcool.go:42.29,44.2 1 1
github.com/sgrimee/kizcool/kizcool.go:47.46,49.16 2 1
github.com/sgrimee/kizcool/kizcool.go:52.2,55.20 4 1
github.com/sgrimee/kizcool/kizcool.go:49.16,51.3 1 0
github.com/sgrimee/kizcool/kizcool.go:59.62,61.16 2 1
github.com/sgrimee/kizcool/kizcool.go:64.2,67.20 4 1
github.com/sgrimee/kizcool/kizcool.go:61.16,63.3 1 0
github.com/sgrimee/kizcool/kizcool.go:72.76,74.28 2 1
github.com/sgrimee/kizcool/kizcool.go:82.2,82.33 1 1
github.com/sgrimee/kizcool/kizcool.go:85.2,85.25 1 1
github.com/sgrimee/kizcool/kizcool.go:74.28,75.77 1 1
github.com/sgrimee/kizcool/kizcool.go:75.77,76.35 1 1
github.com/sgrimee/kizcool/kizcool.go:79.4,79.19 1 1
github.com/sgrimee/kizcool/kizcool.go:76.35,78.5 1 1
github.com/sgrimee/kizcool/kizcool.go:82.33,84.3 1 1
github.com/sgrimee/kizcool/kizcool.go:90.60,92.32 2 1
github.com/sgrimee/kizcool/kizcool.go:101.2,102.16 2 1
github.com/sgrimee/kizcool/kizcool.go:105.2,106.16 2 1
github.com/sgrimee/kizcool/kizcool.go:109.2,109.20 1 1
github.com/sgrimee/kizcool/kizcool.go:92.32,95.17 2 1
github.com/sgrimee/kizcool/kizcool.go:98.3,98.21 1 1
github.com/sgrimee/kizcool/kizcool.go:95.17,97.4 1 0
github.com/sgrimee/kizcool/kizcool.go:102.16,104.3 1 0
github.com/sgrimee/kizcool/kizcool.go:106.16,108.3 1 0
github.com/sgrimee/kizcool/kizcool.go:113.93,115.16 2 1
github.com/sgrimee/kizcool/kizcool.go:118.2,121.20 4 1
github.com/sgrimee/kizcool/kizcool.go:115.16,117.3 1 0
github.com/sgrimee/kizcool/kizcool.go:125.37,127.2 1 1
github.com/sgrimee/kizcool/kizcool.go:130.56,132.16 2 1
github.com/sgrimee/kizcool/kizcool.go:135.2,138.20 4 1
github.com/sgrimee/kizcool/kizcool.go:132.16,134.3 1 0
github.com/sgrimee/kizcool/kizcool.go:142.59,143.62 1 1
github.com/sgrimee/kizcool/kizcool.go:148.2,148.14 1 1
github.com/sgrimee/kizcool/kizcool.go:143.62,144.51 1 1
github.com/sgrimee/kizcool/kizcool.go:144.51,146.4 1 1
github.com/sgrimee/kizcool/kizcool.go:152.85,153.39 1 1
github.com/sgrimee/kizcool/kizcool.go:156.2,163.25 3 1
github.com/sgrimee/kizcool/kizcool.go:153.39,155.3 1 1
github.com/sgrimee/kizcool/kizcool.go:167.55,169.16 2 1
github.com/sgrimee/kizcool/kizcool.go:172.2,173.16 2 1
github.com/sgrimee/kizcool/kizcool.go:176.2,180.67 3 1
github.com/sgrimee/kizcool/kizcool.go:183.2,183.27 1 1
github.com/sgrimee/kizcool/kizcool.go:169.16,171.3 1 0
github.com/sgrimee/kizcool/kizcool.go:173.16,175.3 1 0
github.com/sgrimee/kizcool/kizcool.go:180.67,182.3 1 0
github.com/sgrimee/kizcool/kizcool.go:187.49,189.16 2 0
github.com/sgrimee/kizcool/kizcool.go:192.2,192.22 1 0
github.com/sgrimee/kizcool/kizcool.go:189.16,191.3 1 0
github.com/sgrimee/kizcool/kizcool.go:196.50,198.16 2 0
github.com/sgrimee/kizcool/kizcool.go:201.2,201.22 1 0
github.com/sgrimee/kizcool/kizcool.go:198.16,200.3 1 0
github.com/sgrimee/kizcool/kizcool.go:205.51,207.16 2 0
github.com/sgrimee/kizcool/kizcool.go:210.2,210.22 1 0
github.com/sgrimee/kizcool/kizcool.go:207.16,209.3 1 0
github.com/sgrimee/kizcool/kizcool.go:214.52,216.16 2 0
github.com/sgrimee/kizcool/kizcool.go:219.2,219.22 1 0
github.com/sgrimee/kizcool/kizcool.go:216.16,218.3 1 0
github.com/sgrimee/kizcool/kizcool.go:223.51,225.16 2 0
github.com/sgrimee/kizcool/kizcool.go:228.2,228.22 1 0
github.com/sgrimee/kizcool/kizcool.go:225.16,227.3 1 0
github.com/sgrimee/kizcool/kizcool.go:232.74,237.16 2 0
github.com/sgrimee/kizcool/kizcool.go:240.2,240.22 1 0
github.com/sgrimee/kizcool/kizcool.go:237.16,239.3 1 0
github.com/sgrimee/kizcool/kizcool.go:244.71,249.16 2 0
github.com/sgrimee/kizcool/kizcool.go:252.2,252.22 1 0
github.com/sgrimee/kizcool/kizcool.go:249.16,251.3 1 0
github.com/sgrimee/kizcool/kizcool.go:256.44,258.16 2 1
github.com/sgrimee/kizcool/kizcool.go:261.2,262.67 2 1
github.com/sgrimee/kizcool/kizcool.go:265.2,265.20 1 1
github.com/sgrimee/kizcool/kizcool.go:258.16,260.3 1 0
github.com/sgrimee/kizcool/kizcool.go:262.67,264.3 1 0
github.com/sgrimee/kizcool/output.go:13.64,14.16 1 0
github.com/sgrimee/kizcool/output.go:15.14,16.27 1 0
github.com/sgrimee/kizcool/output.go:17.14,18.27 1 0
github.com/sgrimee/kizcool/output.go:19.14,20.27 1 0
github.com/sgrimee/kizcool/output.go:21.10,22.57 1 0
github.com/sgrimee/kizcool/output.go:26.52,28.16 2 0
github.com/sgrimee/kizcool/output.go:31.2,31.69 1 0
github.com/sgrimee/kizcool/output.go:35.2,35.12 1 0
github.com/sgrimee/kizcool/output.go:28.16,30.3 1 0
github.com/sgrimee/kizcool/output.go:31.69,33.3 1 0
github.com/sgrimee/kizcool/output.go:38.52,40.16 2 0
github.com/sgrimee/kizcool/output.go:43.2,44.12 2 0
github.com/sgrimee/kizcool/output.go:40.16,42.3 1 0
github.com/sgrimee/kizcool/output.go:48.58,49.25 1 0
github.com/sgrimee/kizcool/output.go:77.2,77.12 1 0
github.com/sgrimee/kizcool/output.go:50.10,51.61 1 0
github.com/sgrimee/kizcool/output.go:52.16,54.24 2 0
github.com/sgrimee/kizcool/output.go:59.14,61.48 2 0
github.com/sgrimee/kizcool/output.go:64.14,66.17 2 0
github.com/sgrimee/kizcool/output.go:69.16,70.36 1 0
github.com/sgrimee/kizcool/output.go:54.24,55.54 1 0
github.com/sgrimee/kizcool/output.go:55.54,57.5 1 0
github.com/sgrimee/kizcool/output.go:61.48,63.4 1 0
github.com/sgrimee/kizcool/output.go:66.17,68.4 1 0
github.com/sgrimee/kizcool/output.go:70.36,72.18 2 0
github.com/sgrimee/kizcool/output.go:72.18,74.5 1 0
github.com/sgrimee/kizcool/output.go:81.57,90.33 3 0
github.com/sgrimee/kizcool/output.go:95.2,96.46 1 0
github.com/sgrimee/kizcool/output.go:99.2,99.12 1 0
github.com/sgrimee/kizcool/output.go:90.33,91.31 1 0
github.com/sgrimee/kizcool/output.go:91.31,93.4 1 0
github.com/sgrimee/kizcool/output.go:96.46,98.3 1 0
